# JRE version: OpenJDK Runtime Environment (17.0.10) (build 17.0.10+0--11572160)
# Java VM: OpenJDK 64-Bit Server VM (17.0.10+0--11572160, mixed mode, tiered, compressed oops, compressed class ptrs, g1 gc, windows-amd64)
GC Precious Log:
 CPUs: 4 total, 4 available
 Memory: 7882M
 Large Page Support: Disabled
 NUMA Support: Disabled
 Compressed Oops: Enabled (32-bit)
 Heap Region Size: 1M
 Heap Min Capacity: 8M
 Heap Initial Capacity: 124M
 Heap Max Capacity: 1536M
 Pre-touch: Disabled
 Parallel Workers: 4
 Concurrent Workers: 1
 Concurrent Refinement Workers: 4
 Periodic GC: Disabled
Heap:
 garbage-first heap   total 375808K, used 230909K [0x00000000a0000000, 0x0000000100000000)
  region size 1024K, 11 young (11264K), 11 survivors (11264K)
 Metaspace       used 152870K, committed 154048K, reserved 1245184K
  class space    used 20310K, committed 20864K, reserved 1048576K
GC Heap History (20 events):
Event: 233.631 GC heap after
{Heap after GC invocations=89 (full 0):
 garbage-first heap   total 276480K, used 189589K [0x00000000a0000000, 0x0000000100000000)
  region size 1024K, 2 young (2048K), 2 survivors (2048K)
 Metaspace       used 130310K, committed 131328K, reserved 1179648K
  class space    used 17147K, committed 17600K, reserved 1048576K
}
Event: 234.691 GC heap before
{Heap before GC invocations=89 (full 0):
 garbage-first heap   total 276480K, used 236693K [0x00000000a0000000, 0x0000000100000000)
  region size 1024K, 47 young (48128K), 2 survivors (2048K)
 Metaspace       used 133084K, committed 134208K, reserved 1179648K
  class space    used 17512K, committed 18048K, reserved 1048576K
}
Event: 234.698 GC heap after
{Heap after GC invocations=90 (full 0):
 garbage-first heap   total 276480K, used 198712K [0x00000000a0000000, 0x0000000100000000)
  region size 1024K, 6 young (6144K), 6 survivors (6144K)
 Metaspace       used 133084K, committed 134208K, reserved 1179648K
  class space    used 17512K, committed 18048K, reserved 1048576K
}
Event: 235.189 GC heap before
{Heap before GC invocations=90 (full 0):
 garbage-first heap   total 276480K, used 237624K [0x00000000a0000000, 0x0000000100000000)
  region size 1024K, 41 young (41984K), 6 survivors (6144K)
 Metaspace       used 135877K, committed 137024K, reserved 1179648K
  class space    used 17915K, committed 18432K, reserved 1048576K
}
Event: 235.199 GC heap after
{Heap after GC invocations=91 (full 0):
 garbage-first heap   total 276480K, used 207673K [0x00000000a0000000, 0x0000000100000000)
  region size 1024K, 6 young (6144K), 6 survivors (6144K)
 Metaspace       used 135877K, committed 137024K, reserved 1179648K
  class space    used 17915K, committed 18432K, reserved 1048576K
}
Event: 235.397 GC heap before
{Heap before GC invocations=91 (full 0):
 garbage-first heap   total 276480K, used 230201K [0x00000000a0000000, 0x0000000100000000)
  region size 1024K, 30 young (30720K), 6 survivors (6144K)
 Metaspace       used 136492K, committed 137536K, reserved 1179648K
  class space    used 18008K, committed 18496K, reserved 1048576K
}
Event: 235.412 GC heap after
{Heap after GC invocations=92 (full 0):
 garbage-first heap   total 276480K, used 215340K [0x00000000a0000000, 0x0000000100000000)
  region size 1024K, 4 young (4096K), 4 survivors (4096K)
 Metaspace       used 136492K, committed 137536K, reserved 1179648K
  class space    used 18008K, committed 18496K, reserved 1048576K
}
Event: 235.660 GC heap before
{Heap before GC invocations=92 (full 0):
 garbage-first heap   total 370688K, used 229676K [0x00000000a0000000, 0x0000000100000000)
  region size 1024K, 23 young (23552K), 4 survivors (4096K)
 Metaspace       used 137995K, committed 139136K, reserved 1179648K
  class space    used 18408K, committed 18944K, reserved 1048576K
}
Event: 235.673 GC heap after
{Heap after GC invocations=93 (full 0):
 garbage-first heap   total 370688K, used 213817K [0x00000000a0000000, 0x0000000100000000)
  region size 1024K, 3 young (3072K), 3 survivors (3072K)
 Metaspace       used 137995K, committed 139136K, reserved 1179648K
  class space    used 18408K, committed 18944K, reserved 1048576K
}
Event: 236.239 GC heap before
{Heap before GC invocations=94 (full 0):
 garbage-first heap   total 370688K, used 289593K [0x00000000a0000000, 0x0000000100000000)
  region size 1024K, 77 young (78848K), 3 survivors (3072K)
 Metaspace       used 139818K, committed 140992K, reserved 1179648K
  class space    used 18632K, committed 19200K, reserved 1048576K
}
Event: 236.269 GC heap after
{Heap after GC invocations=95 (full 0):
 garbage-first heap   total 370688K, used 237325K [0x00000000a0000000, 0x0000000100000000)
  region size 1024K, 10 young (10240K), 10 survivors (10240K)
 Metaspace       used 139818K, committed 140992K, reserved 1179648K
  class space    used 18632K, committed 19200K, reserved 1048576K
}
Event: 236.397 GC heap before
{Heap before GC invocations=95 (full 0):
 garbage-first heap   total 370688K, used 244493K [0x00000000a0000000, 0x0000000100000000)
  region size 1024K, 18 young (18432K), 10 survivors (10240K)
 Metaspace       used 140213K, committed 141376K, reserved 1179648K
  class space    used 18696K, committed 19264K, reserved 1048576K
}
Event: 236.417 GC heap after
{Heap after GC invocations=96 (full 0):
 garbage-first heap   total 370688K, used 207360K [0x00000000a0000000, 0x0000000100000000)
  region size 1024K, 2 young (2048K), 2 survivors (2048K)
 Metaspace       used 140213K, committed 141376K, reserved 1179648K
  class space    used 18696K, committed 19264K, reserved 1048576K
}
Event: 237.224 GC heap before
{Heap before GC invocations=96 (full 0):
 garbage-first heap   total 370688K, used 269824K [0x00000000a0000000, 0x0000000100000000)
  region size 1024K, 64 young (65536K), 2 survivors (2048K)
 Metaspace       used 145018K, committed 146176K, reserved 1179648K
  class space    used 19359K, committed 19904K, reserved 1048576K
}
Event: 237.233 GC heap after
{Heap after GC invocations=97 (full 0):
 garbage-first heap   total 370688K, used 209408K [0x00000000a0000000, 0x0000000100000000)
  region size 1024K, 4 young (4096K), 4 survivors (4096K)
 Metaspace       used 145018K, committed 146176K, reserved 1179648K
  class space    used 19359K, committed 19904K, reserved 1048576K
}
Event: 238.022 GC heap before
{Heap before GC invocations=98 (full 0):
 garbage-first heap   total 375808K, used 281088K [0x00000000a0000000, 0x0000000100000000)
  region size 1024K, 73 young (74752K), 4 survivors (4096K)
 Metaspace       used 150677K, committed 151808K, reserved 1245184K
  class space    used 20046K, committed 20608K, reserved 1048576K
}
Event: 238.036 GC heap after
{Heap after GC invocations=99 (full 0):
 garbage-first heap   total 375808K, used 217600K [0x00000000a0000000, 0x0000000100000000)
  region size 1024K, 10 young (10240K), 10 survivors (10240K)
 Metaspace       used 150677K, committed 151808K, reserved 1245184K
  class space    used 20046K, committed 20608K, reserved 1048576K
}
Event: 238.109 GC heap before
{Heap before GC invocations=99 (full 0):
 garbage-first heap   total 375808K, used 224768K [0x00000000a0000000, 0x0000000100000000)
  region size 1024K, 18 young (18432K), 10 survivors (10240K)
 Metaspace       used 150812K, committed 151936K, reserved 1245184K
  class space    used 20057K, committed 20608K, reserved 1048576K
}
Event: 238.132 GC heap after
{Heap after GC invocations=100 (full 0):
 garbage-first heap   total 375808K, used 211032K [0x00000000a0000000, 0x0000000100000000)
  region size 1024K, 2 young (2048K), 2 survivors (2048K)
 Metaspace       used 150812K, committed 151936K, reserved 1245184K
  class space    used 20057K, committed 20608K, reserved 1048576K
}
Event: 238.839 GC heap before
{Heap before GC invocations=100 (full 0):
 garbage-first heap   total 375808K, used 293976K [0x00000000a0000000, 0x0000000100000000)
  region size 1024K, 81 young (82944K), 2 survivors (2048K)
 Metaspace       used 152870K, committed 154048K, reserved 1245184K
  class space    used 20310K, committed 20864K, reserved 1048576K
}

