# JRE version: OpenJDK Runtime Environment (17.0.10) (build 17.0.10+0--11572160)
# Java VM: OpenJDK 64-Bit Server VM (17.0.10+0--11572160, mixed mode, tiered, compressed oops, compressed class ptrs, g1 gc, windows-amd64)
GC Precious Log:
 CPUs: 4 total, 4 available
 Memory: 7882M
 Large Page Support: Disabled
 NUMA Support: Disabled
 Compressed Oops: Enabled (32-bit)
 Heap Region Size: 1M
 Heap Min Capacity: 8M
 Heap Initial Capacity: 124M
 Heap Max Capacity: 1536M
 Pre-touch: Disabled
 Parallel Workers: 4
 Concurrent Workers: 1
 Concurrent Refinement Workers: 4
 Periodic GC: Disabled
Heap:
 garbage-first heap   total 404480K, used 233919K [0x00000000a0000000, 0x0000000100000000)
  region size 1024K, 3 young (3072K), 3 survivors (3072K)
 Metaspace       used 141733K, committed 143552K, reserved 1179648K
  class space    used 18642K, committed 19392K, reserved 1048576K
GC Heap History (20 events):
Event: 1852.656 GC heap after
{Heap after GC invocations=77 (full 0):
 garbage-first heap   total 340992K, used 264956K [0x00000000a0000000, 0x0000000100000000)
  region size 1024K, 5 young (5120K), 5 survivors (5120K)
 Metaspace       used 141956K, committed 143360K, reserved 1179648K
  class space    used 18736K, committed 19392K, reserved 1048576K
}
Event: 1852.726 GC heap before
{Heap before GC invocations=77 (full 0):
 garbage-first heap   total 340992K, used 287484K [0x00000000a0000000, 0x0000000100000000)
  region size 1024K, 28 young (28672K), 5 survivors (5120K)
 Metaspace       used 141964K, committed 143424K, reserved 1179648K
  class space    used 18736K, committed 19392K, reserved 1048576K
}
Event: 1852.731 GC heap after
{Heap after GC invocations=78 (full 0):
 garbage-first heap   total 340992K, used 265448K [0x00000000a0000000, 0x0000000100000000)
  region size 1024K, 2 young (2048K), 2 survivors (2048K)
 Metaspace       used 141964K, committed 143424K, reserved 1179648K
  class space    used 18736K, committed 19392K, reserved 1048576K
}
Event: 1941.618 GC heap before
{Heap before GC invocations=78 (full 0):
 garbage-first heap   total 340992K, used 300264K [0x00000000a0000000, 0x0000000100000000)
  region size 1024K, 27 young (27648K), 2 survivors (2048K)
 Metaspace       used 142000K, committed 143424K, reserved 1179648K
  class space    used 18737K, committed 19392K, reserved 1048576K
}
Event: 1941.624 GC heap after
{Heap after GC invocations=79 (full 0):
 garbage-first heap   total 340992K, used 266972K [0x00000000a0000000, 0x0000000100000000)
  region size 1024K, 3 young (3072K), 3 survivors (3072K)
 Metaspace       used 142000K, committed 143424K, reserved 1179648K
  class space    used 18737K, committed 19392K, reserved 1048576K
}
Event: 1941.911 GC heap before
{Heap before GC invocations=79 (full 0):
 garbage-first heap   total 340992K, used 292572K [0x00000000a0000000, 0x0000000100000000)
  region size 1024K, 28 young (28672K), 3 survivors (3072K)
 Metaspace       used 142071K, committed 143488K, reserved 1179648K
  class space    used 18737K, committed 19392K, reserved 1048576K
}
Event: 1941.920 GC heap after
{Heap after GC invocations=80 (full 0):
 garbage-first heap   total 340992K, used 273734K [0x00000000a0000000, 0x0000000100000000)
  region size 1024K, 4 young (4096K), 4 survivors (4096K)
 Metaspace       used 142071K, committed 143488K, reserved 1179648K
  class space    used 18737K, committed 19392K, reserved 1048576K
}
Event: 1942.033 GC heap before
{Heap before GC invocations=80 (full 0):
 garbage-first heap   total 340992K, used 299334K [0x00000000a0000000, 0x0000000100000000)
  region size 1024K, 22 young (22528K), 4 survivors (4096K)
 Metaspace       used 142082K, committed 143488K, reserved 1179648K
  class space    used 18737K, committed 19392K, reserved 1048576K
}
Event: 1942.036 GC heap after
{Heap after GC invocations=81 (full 0):
 garbage-first heap   total 340992K, used 272442K [0x00000000a0000000, 0x0000000100000000)
  region size 1024K, 1 young (1024K), 1 survivors (1024K)
 Metaspace       used 142082K, committed 143488K, reserved 1179648K
  class space    used 18737K, committed 19392K, reserved 1048576K
}
Event: 1942.915 GC heap before
{Heap before GC invocations=81 (full 0):
 garbage-first heap   total 340992K, used 292922K [0x00000000a0000000, 0x0000000100000000)
  region size 1024K, 22 young (22528K), 1 survivors (1024K)
 Metaspace       used 142117K, committed 143552K, reserved 1179648K
  class space    used 18737K, committed 19392K, reserved 1048576K
}
Event: 1942.920 GC heap after
{Heap after GC invocations=82 (full 0):
 garbage-first heap   total 340992K, used 275346K [0x00000000a0000000, 0x0000000100000000)
  region size 1024K, 3 young (3072K), 3 survivors (3072K)
 Metaspace       used 142117K, committed 143552K, reserved 1179648K
  class space    used 18737K, committed 19392K, reserved 1048576K
}
Event: 1943.007 GC heap before
{Heap before GC invocations=82 (full 0):
 garbage-first heap   total 340992K, used 294802K [0x00000000a0000000, 0x0000000100000000)
  region size 1024K, 23 young (23552K), 3 survivors (3072K)
 Metaspace       used 142123K, committed 143552K, reserved 1179648K
  class space    used 18737K, committed 19392K, reserved 1048576K
}
Event: 1943.011 GC heap after
{Heap after GC invocations=83 (full 0):
 garbage-first heap   total 340992K, used 276037K [0x00000000a0000000, 0x0000000100000000)
  region size 1024K, 1 young (1024K), 1 survivors (1024K)
 Metaspace       used 142123K, committed 143552K, reserved 1179648K
  class space    used 18737K, committed 19392K, reserved 1048576K
}
Event: 1943.042 GC heap before
{Heap before GC invocations=83 (full 0):
 garbage-first heap   total 340992K, used 287301K [0x00000000a0000000, 0x0000000100000000)
  region size 1024K, 5 young (5120K), 1 survivors (1024K)
 Metaspace       used 142127K, committed 143552K, reserved 1179648K
  class space    used 18737K, committed 19392K, reserved 1048576K
}
Event: 1943.045 GC heap after
{Heap after GC invocations=84 (full 0):
 garbage-first heap   total 340992K, used 284450K [0x00000000a0000000, 0x0000000100000000)
  region size 1024K, 1 young (1024K), 1 survivors (1024K)
 Metaspace       used 142127K, committed 143552K, reserved 1179648K
  class space    used 18737K, committed 19392K, reserved 1048576K
}
Event: 2065.299 GC heap before
{Heap before GC invocations=84 (full 0):
 garbage-first heap   total 340992K, used 300834K [0x00000000a0000000, 0x0000000100000000)
  region size 1024K, 16 young (16384K), 1 survivors (1024K)
 Metaspace       used 142144K, committed 143552K, reserved 1179648K
  class space    used 18738K, committed 19392K, reserved 1048576K
}
Event: 2065.302 GC heap after
{Heap after GC invocations=85 (full 0):
 garbage-first heap   total 340992K, used 277730K [0x00000000a0000000, 0x0000000100000000)
  region size 1024K, 2 young (2048K), 2 survivors (2048K)
 Metaspace       used 142144K, committed 143552K, reserved 1179648K
  class space    used 18738K, committed 19392K, reserved 1048576K
}
Event: 2065.468 GC heap before
{Heap before GC invocations=85 (full 0):
 garbage-first heap   total 340992K, used 297186K [0x00000000a0000000, 0x0000000100000000)
  region size 1024K, 22 young (22528K), 2 survivors (2048K)
 Metaspace       used 142183K, committed 143552K, reserved 1179648K
  class space    used 18738K, committed 19392K, reserved 1048576K
}
Event: 2065.474 GC heap after
{Heap after GC invocations=86 (full 0):
 garbage-first heap   total 340992K, used 281189K [0x00000000a0000000, 0x0000000100000000)
  region size 1024K, 3 young (3072K), 3 survivors (3072K)
 Metaspace       used 142183K, committed 143552K, reserved 1179648K
  class space    used 18738K, committed 19392K, reserved 1048576K
}
Event: 2065.800 GC heap before
{Heap before GC invocations=86 (full 0):
 garbage-first heap   total 404480K, used 243301K [0x00000000a0000000, 0x0000000100000000)
  region size 1024K, 20 young (20480K), 3 survivors (3072K)
 Metaspace       used 141733K, committed 143552K, reserved 1179648K
  class space    used 18642K, committed 19392K, reserved 1048576K
}

